<?xml version="1.0" encoding="utf-8" standalone="no"?>
<!--This file represents the results of running a test suite-->
<test-results name="E:\AutomationC#\CWAdmin\bin\Debug\SeleniumDemo.dll" total="1" errors="0" failures="0" not-run="0" inconclusive="0" ignored="0" skipped="0" invalid="0" date="2011-06-08" time="18:55:12">
  <environment nunit-version="2.5.10.11092" clr-version="2.0.50727.3615" os-version="Microsoft Windows NT 5.1.2600 Service Pack 2" platform="Win32NT" cwd="E:\AutomationC#\CWAdmin\bin\Debug" machine-name="KELLAND" user="Administrator" user-domain="KELLAND" />
  <culture-info current-culture="zh-CN" current-uiculture="zh-CN" />
  <test-suite type="Assembly" name="E:\AutomationC#\CWAdmin\bin\Debug\SeleniumDemo.dll" executed="True" result="Success" success="True" time="207.143" asserts="0">
    <results>
      <test-suite type="Namespace" name="CWAdmin" executed="True" result="Success" success="True" time="207.143" asserts="0">
        <results>
          <test-suite type="Namespace" name="TestCases" executed="True" result="Success" success="True" time="207.143" asserts="0">
            <results>
              <test-suite type="TestFixture" name="SmokingTest" executed="True" result="Success" success="True" time="207.143" asserts="0">
                <results>
                  <test-case name="CWAdmin.TestCases.SmokingTest.T001_CreateMultiPriceRule" executed="True" result="Success" success="True" time="132.033" asserts="0" />
                </results>
              </test-suite>
            </results>
          </test-suite>
        </results>
      </test-suite>
    </results>
  </test-suite>
</test-results>