<?xml version="1.0" encoding="utf-8" standalone="no"?>
<!--This file represents the results of running a test suite-->
<test-results name="D:\Maia Auto\Hermes\Hermes\bin\Debug\Hermes.dll" total="1" failures="0" not-run="0" date="2010-04-27" time="14:07:30">
  <environment nunit-version="2.4.3.0" clr-version="2.0.50727.3082" os-version="Microsoft Windows NT 5.1.2600 Service Pack 3" platform="Win32NT" cwd="D:\Tool\binupdate\binupdate\bin" machine-name="JESSICA-XP1" user="jelly.yu" user-domain="NIRVANA-INFO" />
  <culture-info current-culture="zh-CN" current-uiculture="zh-CN" />
  <test-suite name="D:\Maia Auto\Hermes\Hermes\bin\Debug\Hermes.dll" success="True" time="178.703" asserts="0">
    <results>
      <test-suite name="Hermes" success="True" time="178.688" asserts="0">
        <results>
          <test-suite name="TestCases" success="True" time="178.688" asserts="0">
            <results>
              <test-suite name="Stocks" success="True" time="178.641" asserts="0">
                <results>
                  <test-case name="Hermes.TestCases.Stocks.T02_Stocks_BuyLimit" executed="True" success="True" time="146.047" asserts="1" />
                </results>
              </test-suite>
            </results>
          </test-suite>
        </results>
      </test-suite>
    </results>
  </test-suite>
</test-results>